#
# A fatal error has been detected by the Java Runtime Environment:
#
#  EXCEPTION_ACCESS_VIOLATION (0xc0000005) at pc=0x00007ff9f91d2995, pid=12800, tid=10492
#
# JRE version: Java(TM) SE Runtime Environment (12.0.2+10) (build 12.0.2+10)
# Java VM: Java HotSpot(TM) 64-Bit Server VM (12.0.2+10, mixed mode, sharing, tiered, compressed oops, g1 gc, windows-amd64)
# Problematic frame:
# V  [jvm.dll+0x5e2995]
#
# No core dump will be written. Minidumps are not enabled by default on client versions of Windows
#
# If you would like to submit a bug report, please visit:
#   http://bugreport.java.com/bugreport/crash.jsp
#

---------------  S U M M A R Y ------------

Command Line: -agentlib:jdwp=transport=dt_socket,suspend=y,address=localhost:54411 -javaagent:C:\Users\Peada\eclipse\java-2019-06\eclipse\configuration\org.eclipse.osgi\226\0\.cp\lib\javaagent-shaded.jar -Dfile.encoding=Cp1252 Mortgage_Calculator

Host: Intel(R) Core(TM) i7-8750H CPU @ 2.20GHz, 12 cores, 7G,  Windows 10 , 64 bit Build 17763 (10.0.17763.475)
Time: Tue Nov 19 19:55:46 2019 GMT Standard Time elapsed time: 1007 seconds (0d 0h 16m 47s)

---------------  T H R E A D  ---------------

Current thread (0x000002d92da4f000):  VMThread "VM Thread" [stack: 0x000000f301900000,0x000000f301a00000] [id=10492]

Stack: [0x000000f301900000,0x000000f301a00000],  sp=0x000000f3019fee68,  free space=1019k
Native frames: (J=compiled Java code, j=interpreted, Vv=VM code, C=native code)
V  [jvm.dll+0x5e2995]


siginfo: EXCEPTION_ACCESS_VIOLATION (0xc0000005), reading address 0x00007ff9ca4c52b0


Register to memory mapping:

RIP=0x00007ff9f91d2995 jvm.dll
RAX=0x00007ff9ca4c5248 is an unknown value
RBX=0x0 is NULL
RCX=0x000002d92deecd68 is pointing into metadata
RDX=0x000002d90ea5b801 points into unknown readable memory: 3b 4e f9 f9 7f 00 00
RSP=0x000000f3019fee68 points into unknown readable memory: 0a c5 33 f9 f9 7f 00 00
RBP=0x00007ff9f91d2990 jvm.dll
RSI=0x000002d90ea5b800 is a thread
RDI=0x0 is NULL
R8 =0x000000007ffe1000 points into unknown readable memory: 48 61 6c 54 00 00 00 00
R9 =0x0000000000008083 is an unknown value
R10=0x00000000546c6148 is an unknown value
R11=0x0000016468bf6489 is an unknown value
R12=0x00007ff9f94451c0 jvm.dll
R13=0x00007ff9f96ca800 jvm.dll
R14=0x000002d92d8ca908 points into unknown readable memory: 45 13 d5 64 00 02 00 88
R15=0x00000000000003d8 is an unknown value


Registers:
RAX=0x00007ff9ca4c5248, RBX=0x0000000000000000, RCX=0x000002d92deecd68, RDX=0x000002d90ea5b801
RSP=0x000000f3019fee68, RBP=0x00007ff9f91d2990, RSI=0x000002d90ea5b800, RDI=0x0000000000000000
R8 =0x000000007ffe1000, R9 =0x0000000000008083, R10=0x00000000546c6148, R11=0x0000016468bf6489
R12=0x00007ff9f94451c0, R13=0x00007ff9f96ca800, R14=0x000002d92d8ca908, R15=0x00000000000003d8
RIP=0x00007ff9f91d2995, EFLAGS=0x0000000000010202

Top of Stack: (sp=0x000000f3019fee68)
0x000000f3019fee68:   00007ff9f933c50a 0000000000000100
0x000000f3019fee78:   0000000000000000 00000187276885c8
0x000000f3019fee88:   000002d92da4f000 000000000000000d
0x000000f3019fee98:   00007ff9f933e89f 000002d92e6646d0
0x000000f3019feea8:   0000000000000000 000002d92da4f000
0x000000f3019feeb8:   0000000000000000 00007ff9f94e4e90
0x000000f3019feec8:   00007ff9f91d2990 000000f3019fefc0
0x000000f3019feed8:   00007ff9f91d285c 0000000000000001
0x000000f3019feee8:   000000f3023ff1b0 000000f3023ff1b0
0x000000f3019feef8:   0000000000000000 000002d92d8ca520
0x000000f3019fef08:   00007ff9f90fa2d6 000000f3023ff1b0
0x000000f3019fef18:   0000000000000000 000000000000000d
0x000000f3019fef28:   0000000000000000 0000000000000000
0x000000f3019fef38:   0000000000000000 0000000000000000
0x000000f3019fef48:   000000000000000c 0000000000000008
0x000000f3019fef58:   0000000000000000 0000000000000000 

Instructions: (pc=0x00007ff9f91d2995)
0x00007ff9f91d2895:   48 8d 0d f4 00 00 00 e8 ff a0 eb ff 48 8b c7 48
0x00007ff9f91d28a5:   8b 5c 24 30 48 83 c4 20 5f c3 cc 48 89 5c 24 18
0x00007ff9f91d28b5:   55 48 83 ec 20 48 8b 1d ef 70 4c 00 48 85 db 74
0x00007ff9f91d28c5:   17 48 8b 05 d3 70 4c 00 48 89 83 08 02 00 00 48
0x00007ff9f91d28d5:   89 1d c5 70 4c 00 eb 07 48 8b 1d bc 70 4c 00 33
0x00007ff9f91d28e5:   ed 48 89 2d c3 70 4c 00 48 85 db 74 7e 48 89 74
0x00007ff9f91d28f5:   24 30 48 89 7c 24 38 0f 1f 40 00 48 8b b3 00 02
0x00007ff9f91d2905:   00 00 48 8b fd 48 2b f3 48 c1 ee 03 48 85 f6 74
0x00007ff9f91d2915:   1e 66 66 0f 1f 84 00 00 00 00 00 48 8b 0c fb 33
0x00007ff9f91d2925:   d2 48 8b 01 ff 50 68 48 ff c7 48 3b fe 72 ec 48
0x00007ff9f91d2935:   8b 8b 08 02 00 00 48 89 ab 08 02 00 00 48 89 9b
0x00007ff9f91d2945:   00 02 00 00 48 8b 05 58 70 4c 00 48 89 83 10 02
0x00007ff9f91d2955:   00 00 48 89 1d 4a 70 4c 00 48 8b d9 48 85 c9 75
0x00007ff9f91d2965:   9a 48 8b 7c 24 38 48 8b 74 24 30 48 89 2d 29 70
0x00007ff9f91d2975:   4c 00 48 8b 5c 24 40 48 83 c4 20 5d c3 cc cc cc
0x00007ff9f91d2985:   cc cc cc cc cc cc cc cc cc cc cc 48 8b 01 b2 01
0x00007ff9f91d2995:   48 ff 60 68 cc cc cc cc cc cc cc 40 53 48 83 ec
0x00007ff9f91d29a5:   20 48 8b 15 03 70 4c 00 48 8b d9 48 85 d2 74 21
0x00007ff9f91d29b5:   48 8d 82 00 02 00 00 48 39 00 75 72 48 8b 05 d8
0x00007ff9f91d29c5:   6f 4c 00 48 89 82 08 02 00 00 48 89 15 ca 6f 4c
0x00007ff9f91d29d5:   00 48 8b 15 cb 6f 4c 00 48 85 d2 74 10 48 8b 82
0x00007ff9f91d29e5:   10 02 00 00 48 89 05 b8 6f 4c 00 eb 3a 45 33 c0
0x00007ff9f91d29f5:   b9 18 02 00 00 41 8d 50 07 e8 fd 9f ad ff 48 8b
0x00007ff9f91d2a05:   d0 48 85 c0 74 1f 48 89 80 00 02 00 00 48 c7 80
0x00007ff9f91d2a15:   08 02 00 00 00 00 00 00 48 c7 80 10 02 00 00 00
0x00007ff9f91d2a25:   00 00 00 eb 02 33 d2 48 89 15 7d 6f 4c 00 48 8b
0x00007ff9f91d2a35:   82 00 02 00 00 48 89 18 48 83 82 00 02 00 00 08
0x00007ff9f91d2a45:   48 83 c4 20 5b c3 cc cc cc cc cc 48 89 4c 24 08
0x00007ff9f91d2a55:   48 89 54 24 10 4c 89 44 24 18 4c 89 4c 24 20 48
0x00007ff9f91d2a65:   83 ec 28 4c 8b c1 4c 8d 4c 24 38 48 8d 0d 09 34
0x00007ff9f91d2a75:   4b 00 ba 01 00 00 00 e8 bf 0f f6 ff 48 83 c4 28
0x00007ff9f91d2a85:   c3 cc cc cc cc cc cc cc cc cc cc 48 89 5c 24 08 


Stack slot to memory mapping:
stack at sp + 0 slots: 0x00007ff9f933c50a jvm.dll
stack at sp + 1 slots: 0x0000000000000100 is an unknown value
stack at sp + 2 slots: 0x0 is NULL
stack at sp + 3 slots: 0x00000187276885c8 is an unknown value
stack at sp + 4 slots: 0x000002d92da4f000 points into unknown readable memory: e8 25 50 f9 f9 7f 00 00
stack at sp + 5 slots: 0x000000000000000d is an unknown value
stack at sp + 6 slots: 0x00007ff9f933e89f jvm.dll
stack at sp + 7 slots: 0x000002d92e6646d0 points into unknown readable memory: 00 b8 a5 0e d9 02 00 00

VM_Operation (0x000000f3023ff1b0): RedefineClasses, mode: safepoint, requested by thread 0x000002d92e5b5800


---------------  P R O C E S S  ---------------

Threads class SMR info:
_java_thread_list=0x000002d92e667d20, length=13, elements={
0x000002d90ea5b800, 0x000002d92da50800, 0x000002d92da52000, 0x000002d92da6a000,
0x000002d92da6b000, 0x000002d92da70000, 0x000002d92da7f000, 0x000002d92e3c0800,
0x000002d92e4cf000, 0x000002d92e5b5800, 0x000002d92e5be800, 0x000002d92e5bf800,
0x000002d92e697000
}

Java Threads: ( => current thread )
  0x000002d90ea5b800 JavaThread "main" [_thread_blocked, id=18156, stack(0x000000f301300000,0x000000f301400000)]
  0x000002d92da50800 JavaThread "Reference Handler" daemon [_thread_blocked, id=10856, stack(0x000000f301a00000,0x000000f301b00000)]
  0x000002d92da52000 JavaThread "Finalizer" daemon [_thread_blocked, id=8688, stack(0x000000f301b00000,0x000000f301c00000)]
  0x000002d92da6a000 JavaThread "Signal Dispatcher" daemon [_thread_blocked, id=9388, stack(0x000000f301c00000,0x000000f301d00000)]
  0x000002d92da6b000 JavaThread "Attach Listener" daemon [_thread_blocked, id=13236, stack(0x000000f301d00000,0x000000f301e00000)]
  0x000002d92da70000 JavaThread "C2 CompilerThread0" daemon [_thread_blocked, id=19460, stack(0x000000f301e00000,0x000000f301f00000)]
  0x000002d92da7f000 JavaThread "C1 CompilerThread0" daemon [_thread_blocked, id=4768, stack(0x000000f301f00000,0x000000f302000000)]
  0x000002d92e3c0800 JavaThread "Sweeper thread" daemon [_thread_blocked, id=11884, stack(0x000000f302000000,0x000000f302100000)]
  0x000002d92e4cf000 JavaThread "Common-Cleaner" daemon [_thread_blocked, id=12856, stack(0x000000f302100000,0x000000f302200000)]
  0x000002d92e5b5800 JavaThread "JDWP Transport Listener: dt_socket" daemon [_thread_blocked, id=564, stack(0x000000f302300000,0x000000f302400000)]
  0x000002d92e5be800 JavaThread "JDWP Event Helper Thread" daemon [_thread_blocked, id=13048, stack(0x000000f302400000,0x000000f302500000)]
  0x000002d92e5bf800 JavaThread "JDWP Command Reader" daemon [_thread_in_native, id=16344, stack(0x000000f302500000,0x000000f302600000)]
  0x000002d92e697000 JavaThread "Service Thread" daemon [_thread_blocked, id=16984, stack(0x000000f302200000,0x000000f302300000)]

Other Threads:
=>0x000002d92da4f000 VMThread "VM Thread" [stack: 0x000000f301900000,0x000000f301a00000] [id=10492]
  0x000002d92e66b000 WatcherThread [stack: 0x000000f302600000,0x000000f302700000] [id=14268]
  0x000002d90ea99800 GCTaskThread "GC Thread#0" [stack: 0x000000f301400000,0x000000f301500000] [id=4000]
  0x000002d90eaa8800 ConcurrentGCThread "G1 Main Marker" [stack: 0x000000f301500000,0x000000f301600000] [id=16072]
  0x000002d90eaaa800 ConcurrentGCThread "G1 Conc#0" [stack: 0x000000f301600000,0x000000f301700000] [id=17824]
  0x000002d90eb2e800 ConcurrentGCThread "G1 Refine#0" [stack: 0x000000f301700000,0x000000f301800000] [id=20432]
  0x000002d92d8cc800 ConcurrentGCThread "G1 Young RemSet Sampling" [stack: 0x000000f301800000,0x000000f301900000] [id=14676]

Threads with active compile tasks:
C1 CompilerThread0   499       3       org.eclipse.jdt.launching.internal.org.objectweb.asm.SymbolTable::addConstantMethodref (24 bytes)

VM state:at safepoint (normal execution)

VM Mutex/Monitor currently owned by a thread:  ([mutex/lock_event])
[0x000002d90ea579d0] Threads_lock - owner thread: 0x000002d92da4f000

Heap address: 0x0000000083200000, size: 1998 MB, Compressed Oops mode: 32-bit
Narrow klass base: 0x0000000800000000, Narrow klass shift: 3
Compressed class space size: 1073741824 Address: 0x0000000801190000

Heap:
 garbage-first heap   total 129024K, used 4096K [0x0000000083200000, 0x0000000100000000)
  region size 1024K, 6 young (6144K), 0 survivors (0K)
 Metaspace       used 2983K, capacity 5031K, committed 5120K, reserved 1056768K
  class space    used 274K, capacity 461K, committed 512K, reserved 1048576K
Heap Regions: E=young(eden), S=young(survivor), O=old, HS=humongous(starts), HC=humongous(continues), CS=collection set, F=free, A=archive, TAMS=top-at-mark-start (previous, next)
|   0|0x0000000083200000, 0x0000000083200000, 0x0000000083300000|  0%| F|  |TAMS 0x0000000083200000, 0x0000000083200000| Untracked 
|   1|0x0000000083300000, 0x0000000083300000, 0x0000000083400000|  0%| F|  |TAMS 0x0000000083300000, 0x0000000083300000| Untracked 
|   2|0x0000000083400000, 0x0000000083400000, 0x0000000083500000|  0%| F|  |TAMS 0x0000000083400000, 0x0000000083400000| Untracked 
|   3|0x0000000083500000, 0x0000000083500000, 0x0000000083600000|  0%| F|  |TAMS 0x0000000083500000, 0x0000000083500000| Untracked 
|   4|0x0000000083600000, 0x0000000083600000, 0x0000000083700000|  0%| F|  |TAMS 0x0000000083600000, 0x0000000083600000| Untracked 
|   5|0x0000000083700000, 0x0000000083700000, 0x0000000083800000|  0%| F|  |TAMS 0x0000000083700000, 0x0000000083700000| Untracked 
|   6|0x0000000083800000, 0x0000000083800000, 0x0000000083900000|  0%| F|  |TAMS 0x0000000083800000, 0x0000000083800000| Untracked 
|   7|0x0000000083900000, 0x0000000083900000, 0x0000000083a00000|  0%| F|  |TAMS 0x0000000083900000, 0x0000000083900000| Untracked 
|   8|0x0000000083a00000, 0x0000000083a00000, 0x0000000083b00000|  0%| F|  |TAMS 0x0000000083a00000, 0x0000000083a00000| Untracked 
|   9|0x0000000083b00000, 0x0000000083b00000, 0x0000000083c00000|  0%| F|  |TAMS 0x0000000083b00000, 0x0000000083b00000| Untracked 
|  10|0x0000000083c00000, 0x0000000083c00000, 0x0000000083d00000|  0%| F|  |TAMS 0x0000000083c00000, 0x0000000083c00000| Untracked 
|  11|0x0000000083d00000, 0x0000000083d00000, 0x0000000083e00000|  0%| F|  |TAMS 0x0000000083d00000, 0x0000000083d00000| Untracked 
|  12|0x0000000083e00000, 0x0000000083e00000, 0x0000000083f00000|  0%| F|  |TAMS 0x0000000083e00000, 0x0000000083e00000| Untracked 
|  13|0x0000000083f00000, 0x0000000083f00000, 0x0000000084000000|  0%| F|  |TAMS 0x0000000083f00000, 0x0000000083f00000| Untracked 
|  14|0x0000000084000000, 0x0000000084000000, 0x0000000084100000|  0%| F|  |TAMS 0x0000000084000000, 0x0000000084000000| Untracked 
|  15|0x0000000084100000, 0x0000000084100000, 0x0000000084200000|  0%| F|  |TAMS 0x0000000084100000, 0x0000000084100000| Untracked 
|  16|0x0000000084200000, 0x0000000084200000, 0x0000000084300000|  0%| F|  |TAMS 0x0000000084200000, 0x0000000084200000| Untracked 
|  17|0x0000000084300000, 0x0000000084300000, 0x0000000084400000|  0%| F|  |TAMS 0x0000000084300000, 0x0000000084300000| Untracked 
|  18|0x0000000084400000, 0x0000000084400000, 0x0000000084500000|  0%| F|  |TAMS 0x0000000084400000, 0x0000000084400000| Untracked 
|  19|0x0000000084500000, 0x0000000084500000, 0x0000000084600000|  0%| F|  |TAMS 0x0000000084500000, 0x0000000084500000| Untracked 
|  20|0x0000000084600000, 0x0000000084600000, 0x0000000084700000|  0%| F|  |TAMS 0x0000000084600000, 0x0000000084600000| Untracked 
|  21|0x0000000084700000, 0x0000000084700000, 0x0000000084800000|  0%| F|  |TAMS 0x0000000084700000, 0x0000000084700000| Untracked 
|  22|0x0000000084800000, 0x0000000084800000, 0x0000000084900000|  0%| F|  |TAMS 0x0000000084800000, 0x0000000084800000| Untracked 
|  23|0x0000000084900000, 0x0000000084900000, 0x0000000084a00000|  0%| F|  |TAMS 0x0000000084900000, 0x0000000084900000| Untracked 
|  24|0x0000000084a00000, 0x0000000084a00000, 0x0000000084b00000|  0%| F|  |TAMS 0x0000000084a00000, 0x0000000084a00000| Untracked 
|  25|0x0000000084b00000, 0x0000000084b00000, 0x0000000084c00000|  0%| F|  |TAMS 0x0000000084b00000, 0x0000000084b00000| Untracked 
|  26|0x0000000084c00000, 0x0000000084c00000, 0x0000000084d00000|  0%| F|  |TAMS 0x0000000084c00000, 0x0000000084c00000| Untracked 
|  27|0x0000000084d00000, 0x0000000084d00000, 0x0000000084e00000|  0%| F|  |TAMS 0x0000000084d00000, 0x0000000084d00000| Untracked 
|  28|0x0000000084e00000, 0x0000000084e00000, 0x0000000084f00000|  0%| F|  |TAMS 0x0000000084e00000, 0x0000000084e00000| Untracked 
|  29|0x0000000084f00000, 0x0000000084f00000, 0x0000000085000000|  0%| F|  |TAMS 0x0000000084f00000, 0x0000000084f00000| Untracked 
|  30|0x0000000085000000, 0x0000000085000000, 0x0000000085100000|  0%| F|  |TAMS 0x0000000085000000, 0x0000000085000000| Untracked 
|  31|0x0000000085100000, 0x0000000085100000, 0x0000000085200000|  0%| F|  |TAMS 0x0000000085100000, 0x0000000085100000| Untracked 
|  32|0x0000000085200000, 0x0000000085200000, 0x0000000085300000|  0%| F|  |TAMS 0x0000000085200000, 0x0000000085200000| Untracked 
|  33|0x0000000085300000, 0x0000000085300000, 0x0000000085400000|  0%| F|  |TAMS 0x0000000085300000, 0x0000000085300000| Untracked 
|  34|0x0000000085400000, 0x0000000085400000, 0x0000000085500000|  0%| F|  |TAMS 0x0000000085400000, 0x0000000085400000| Untracked 
|  35|0x0000000085500000, 0x0000000085500000, 0x0000000085600000|  0%| F|  |TAMS 0x0000000085500000, 0x0000000085500000| Untracked 
|  36|0x0000000085600000, 0x0000000085600000, 0x0000000085700000|  0%| F|  |TAMS 0x0000000085600000, 0x0000000085600000| Untracked 
|  37|0x0000000085700000, 0x0000000085700000, 0x0000000085800000|  0%| F|  |TAMS 0x0000000085700000, 0x0000000085700000| Untracked 
|  38|0x0000000085800000, 0x0000000085800000, 0x0000000085900000|  0%| F|  |TAMS 0x0000000085800000, 0x0000000085800000| Untracked 
|  39|0x0000000085900000, 0x0000000085900000, 0x0000000085a00000|  0%| F|  |TAMS 0x0000000085900000, 0x0000000085900000| Untracked 
|  40|0x0000000085a00000, 0x0000000085a00000, 0x0000000085b00000|  0%| F|  |TAMS 0x0000000085a00000, 0x0000000085a00000| Untracked 
|  41|0x0000000085b00000, 0x0000000085b00000, 0x0000000085c00000|  0%| F|  |TAMS 0x0000000085b00000, 0x0000000085b00000| Untracked 
|  42|0x0000000085c00000, 0x0000000085c00000, 0x0000000085d00000|  0%| F|  |TAMS 0x0000000085c00000, 0x0000000085c00000| Untracked 
|  43|0x0000000085d00000, 0x0000000085d00000, 0x0000000085e00000|  0%| F|  |TAMS 0x0000000085d00000, 0x0000000085d00000| Untracked 
|  44|0x0000000085e00000, 0x0000000085e00000, 0x0000000085f00000|  0%| F|  |TAMS 0x0000000085e00000, 0x0000000085e00000| Untracked 
|  45|0x0000000085f00000, 0x0000000085f00000, 0x0000000086000000|  0%| F|  |TAMS 0x0000000085f00000, 0x0000000085f00000| Untracked 
|  46|0x0000000086000000, 0x0000000086000000, 0x0000000086100000|  0%| F|  |TAMS 0x0000000086000000, 0x0000000086000000| Untracked 
|  47|0x0000000086100000, 0x0000000086100000, 0x0000000086200000|  0%| F|  |TAMS 0x0000000086100000, 0x0000000086100000| Untracked 
|  48|0x0000000086200000, 0x0000000086200000, 0x0000000086300000|  0%| F|  |TAMS 0x0000000086200000, 0x0000000086200000| Untracked 
|  49|0x0000000086300000, 0x0000000086300000, 0x0000000086400000|  0%| F|  |TAMS 0x0000000086300000, 0x0000000086300000| Untracked 
|  50|0x0000000086400000, 0x0000000086400000, 0x0000000086500000|  0%| F|  |TAMS 0x0000000086400000, 0x0000000086400000| Untracked 
|  51|0x0000000086500000, 0x0000000086500000, 0x0000000086600000|  0%| F|  |TAMS 0x0000000086500000, 0x0000000086500000| Untracked 
|  52|0x0000000086600000, 0x0000000086600000, 0x0000000086700000|  0%| F|  |TAMS 0x0000000086600000, 0x0000000086600000| Untracked 
|  53|0x0000000086700000, 0x0000000086700000, 0x0000000086800000|  0%| F|  |TAMS 0x0000000086700000, 0x0000000086700000| Untracked 
|  54|0x0000000086800000, 0x0000000086800000, 0x0000000086900000|  0%| F|  |TAMS 0x0000000086800000, 0x0000000086800000| Untracked 
|  55|0x0000000086900000, 0x0000000086900000, 0x0000000086a00000|  0%| F|  |TAMS 0x0000000086900000, 0x0000000086900000| Untracked 
|  56|0x0000000086a00000, 0x0000000086a00000, 0x0000000086b00000|  0%| F|  |TAMS 0x0000000086a00000, 0x0000000086a00000| Untracked 
|  57|0x0000000086b00000, 0x0000000086b00000, 0x0000000086c00000|  0%| F|  |TAMS 0x0000000086b00000, 0x0000000086b00000| Untracked 
|  58|0x0000000086c00000, 0x0000000086c00000, 0x0000000086d00000|  0%| F|  |TAMS 0x0000000086c00000, 0x0000000086c00000| Untracked 
|  59|0x0000000086d00000, 0x0000000086d00000, 0x0000000086e00000|  0%| F|  |TAMS 0x0000000086d00000, 0x0000000086d00000| Untracked 
|  60|0x0000000086e00000, 0x0000000086e00000, 0x0000000086f00000|  0%| F|  |TAMS 0x0000000086e00000, 0x0000000086e00000| Untracked 
|  61|0x0000000086f00000, 0x0000000086f00000, 0x0000000087000000|  0%| F|  |TAMS 0x0000000086f00000, 0x0000000086f00000| Untracked 
|  62|0x0000000087000000, 0x0000000087000000, 0x0000000087100000|  0%| F|  |TAMS 0x0000000087000000, 0x0000000087000000| Untracked 
|  63|0x0000000087100000, 0x0000000087100000, 0x0000000087200000|  0%| F|  |TAMS 0x0000000087100000, 0x0000000087100000| Untracked 
|  64|0x0000000087200000, 0x0000000087200000, 0x0000000087300000|  0%| F|  |TAMS 0x0000000087200000, 0x0000000087200000| Untracked 
|  65|0x0000000087300000, 0x0000000087300000, 0x0000000087400000|  0%| F|  |TAMS 0x0000000087300000, 0x0000000087300000| Untracked 
|  66|0x0000000087400000, 0x0000000087400000, 0x0000000087500000|  0%| F|  |TAMS 0x0000000087400000, 0x0000000087400000| Untracked 
|  67|0x0000000087500000, 0x0000000087500000, 0x0000000087600000|  0%| F|  |TAMS 0x0000000087500000, 0x0000000087500000| Untracked 
|  68|0x0000000087600000, 0x0000000087600000, 0x0000000087700000|  0%| F|  |TAMS 0x0000000087600000, 0x0000000087600000| Untracked 
|  69|0x0000000087700000, 0x0000000087700000, 0x0000000087800000|  0%| F|  |TAMS 0x0000000087700000, 0x0000000087700000| Untracked 
|  70|0x0000000087800000, 0x0000000087800000, 0x0000000087900000|  0%| F|  |TAMS 0x0000000087800000, 0x0000000087800000| Untracked 
|  71|0x0000000087900000, 0x0000000087900000, 0x0000000087a00000|  0%| F|  |TAMS 0x0000000087900000, 0x0000000087900000| Untracked 
|  72|0x0000000087a00000, 0x0000000087a00000, 0x0000000087b00000|  0%| F|  |TAMS 0x0000000087a00000, 0x0000000087a00000| Untracked 
|  73|0x0000000087b00000, 0x0000000087b00000, 0x0000000087c00000|  0%| F|  |TAMS 0x0000000087b00000, 0x0000000087b00000| Untracked 
|  74|0x0000000087c00000, 0x0000000087c00000, 0x0000000087d00000|  0%| F|  |TAMS 0x0000000087c00000, 0x0000000087c00000| Untracked 
|  75|0x0000000087d00000, 0x0000000087d00000, 0x0000000087e00000|  0%| F|  |TAMS 0x0000000087d00000, 0x0000000087d00000| Untracked 
|  76|0x0000000087e00000, 0x0000000087e00000, 0x0000000087f00000|  0%| F|  |TAMS 0x0000000087e00000, 0x0000000087e00000| Untracked 
|  77|0x0000000087f00000, 0x0000000087f00000, 0x0000000088000000|  0%| F|  |TAMS 0x0000000087f00000, 0x0000000087f00000| Untracked 
|  78|0x0000000088000000, 0x0000000088000000, 0x0000000088100000|  0%| F|  |TAMS 0x0000000088000000, 0x0000000088000000| Untracked 
|  79|0x0000000088100000, 0x0000000088100000, 0x0000000088200000|  0%| F|  |TAMS 0x0000000088100000, 0x0000000088100000| Untracked 
|  80|0x0000000088200000, 0x0000000088200000, 0x0000000088300000|  0%| F|  |TAMS 0x0000000088200000, 0x0000000088200000| Untracked 
|  81|0x0000000088300000, 0x0000000088300000, 0x0000000088400000|  0%| F|  |TAMS 0x0000000088300000, 0x0000000088300000| Untracked 
|  82|0x0000000088400000, 0x0000000088400000, 0x0000000088500000|  0%| F|  |TAMS 0x0000000088400000, 0x0000000088400000| Untracked 
|  83|0x0000000088500000, 0x0000000088500000, 0x0000000088600000|  0%| F|  |TAMS 0x0000000088500000, 0x0000000088500000| Untracked 
|  84|0x0000000088600000, 0x0000000088600000, 0x0000000088700000|  0%| F|  |TAMS 0x0000000088600000, 0x0000000088600000| Untracked 
|  85|0x0000000088700000, 0x0000000088700000, 0x0000000088800000|  0%| F|  |TAMS 0x0000000088700000, 0x0000000088700000| Untracked 
|  86|0x0000000088800000, 0x0000000088800000, 0x0000000088900000|  0%| F|  |TAMS 0x0000000088800000, 0x0000000088800000| Untracked 
|  87|0x0000000088900000, 0x0000000088900000, 0x0000000088a00000|  0%| F|  |TAMS 0x0000000088900000, 0x0000000088900000| Untracked 
|  88|0x0000000088a00000, 0x0000000088a00000, 0x0000000088b00000|  0%| F|  |TAMS 0x0000000088a00000, 0x0000000088a00000| Untracked 
|  89|0x0000000088b00000, 0x0000000088b00000, 0x0000000088c00000|  0%| F|  |TAMS 0x0000000088b00000, 0x0000000088b00000| Untracked 
|  90|0x0000000088c00000, 0x0000000088c00000, 0x0000000088d00000|  0%| F|  |TAMS 0x0000000088c00000, 0x0000000088c00000| Untracked 
|  91|0x0000000088d00000, 0x0000000088d00000, 0x0000000088e00000|  0%| F|  |TAMS 0x0000000088d00000, 0x0000000088d00000| Untracked 
|  92|0x0000000088e00000, 0x0000000088e00000, 0x0000000088f00000|  0%| F|  |TAMS 0x0000000088e00000, 0x0000000088e00000| Untracked 
|  93|0x0000000088f00000, 0x0000000088f00000, 0x0000000089000000|  0%| F|  |TAMS 0x0000000088f00000, 0x0000000088f00000| Untracked 
|  94|0x0000000089000000, 0x0000000089000000, 0x0000000089100000|  0%| F|  |TAMS 0x0000000089000000, 0x0000000089000000| Untracked 
|  95|0x0000000089100000, 0x0000000089100000, 0x0000000089200000|  0%| F|  |TAMS 0x0000000089100000, 0x0000000089100000| Untracked 
|  96|0x0000000089200000, 0x0000000089200000, 0x0000000089300000|  0%| F|  |TAMS 0x0000000089200000, 0x0000000089200000| Untracked 
|  97|0x0000000089300000, 0x0000000089300000, 0x0000000089400000|  0%| F|  |TAMS 0x0000000089300000, 0x0000000089300000| Untracked 
|  98|0x0000000089400000, 0x0000000089400000, 0x0000000089500000|  0%| F|  |TAMS 0x0000000089400000, 0x0000000089400000| Untracked 
|  99|0x0000000089500000, 0x0000000089500000, 0x0000000089600000|  0%| F|  |TAMS 0x0000000089500000, 0x0000000089500000| Untracked 
| 100|0x0000000089600000, 0x0000000089600000, 0x0000000089700000|  0%| F|  |TAMS 0x0000000089600000, 0x0000000089600000| Untracked 
| 101|0x0000000089700000, 0x0000000089700000, 0x0000000089800000|  0%| F|  |TAMS 0x0000000089700000, 0x0000000089700000| Untracked 
| 102|0x0000000089800000, 0x0000000089800000, 0x0000000089900000|  0%| F|  |TAMS 0x0000000089800000, 0x0000000089800000| Untracked 
| 103|0x0000000089900000, 0x0000000089900000, 0x0000000089a00000|  0%| F|  |TAMS 0x0000000089900000, 0x0000000089900000| Untracked 
| 104|0x0000000089a00000, 0x0000000089a00000, 0x0000000089b00000|  0%| F|  |TAMS 0x0000000089a00000, 0x0000000089a00000| Untracked 
| 105|0x0000000089b00000, 0x0000000089b00000, 0x0000000089c00000|  0%| F|  |TAMS 0x0000000089b00000, 0x0000000089b00000| Untracked 
| 106|0x0000000089c00000, 0x0000000089c00000, 0x0000000089d00000|  0%| F|  |TAMS 0x0000000089c00000, 0x0000000089c00000| Untracked 
| 107|0x0000000089d00000, 0x0000000089d00000, 0x0000000089e00000|  0%| F|  |TAMS 0x0000000089d00000, 0x0000000089d00000| Untracked 
| 108|0x0000000089e00000, 0x0000000089e00000, 0x0000000089f00000|  0%| F|  |TAMS 0x0000000089e00000, 0x0000000089e00000| Untracked 
| 109|0x0000000089f00000, 0x0000000089f00000, 0x000000008a000000|  0%| F|  |TAMS 0x0000000089f00000, 0x0000000089f00000| Untracked 
| 110|0x000000008a000000, 0x000000008a000000, 0x000000008a100000|  0%| F|  |TAMS 0x000000008a000000, 0x000000008a000000| Untracked 
| 111|0x000000008a100000, 0x000000008a100000, 0x000000008a200000|  0%| F|  |TAMS 0x000000008a100000, 0x000000008a100000| Untracked 
| 112|0x000000008a200000, 0x000000008a200000, 0x000000008a300000|  0%| F|  |TAMS 0x000000008a200000, 0x000000008a200000| Untracked 
| 113|0x000000008a300000, 0x000000008a300000, 0x000000008a400000|  0%| F|  |TAMS 0x000000008a300000, 0x000000008a300000| Untracked 
| 114|0x000000008a400000, 0x000000008a400000, 0x000000008a500000|  0%| F|  |TAMS 0x000000008a400000, 0x000000008a400000| Untracked 
| 115|0x000000008a500000, 0x000000008a500000, 0x000000008a600000|  0%| F|  |TAMS 0x000000008a500000, 0x000000008a500000| Untracked 
| 116|0x000000008a600000, 0x000000008a600000, 0x000000008a700000|  0%| F|  |TAMS 0x000000008a600000, 0x000000008a600000| Untracked 
| 117|0x000000008a700000, 0x000000008a700000, 0x000000008a800000|  0%| F|  |TAMS 0x000000008a700000, 0x000000008a700000| Untracked 
| 118|0x000000008a800000, 0x000000008a800000, 0x000000008a900000|  0%| F|  |TAMS 0x000000008a800000, 0x000000008a800000| Untracked 
| 119|0x000000008a900000, 0x000000008a900000, 0x000000008aa00000|  0%| F|  |TAMS 0x000000008a900000, 0x000000008a900000| Untracked 
| 120|0x000000008aa00000, 0x000000008aaf8458, 0x000000008ab00000| 96%| E|  |TAMS 0x000000008aa00000, 0x000000008aa00000| Complete 
| 121|0x000000008ab00000, 0x000000008ac00000, 0x000000008ac00000|100%| E|CS|TAMS 0x000000008ab00000, 0x000000008ab00000| Complete 
| 122|0x000000008ac00000, 0x000000008ad00000, 0x000000008ad00000|100%| E|CS|TAMS 0x000000008ac00000, 0x000000008ac00000| Complete 
| 123|0x000000008ad00000, 0x000000008ae00000, 0x000000008ae00000|100%| E|  |TAMS 0x000000008ad00000, 0x000000008ad00000| Complete 
| 124|0x000000008ae00000, 0x000000008af00000, 0x000000008af00000|100%| E|CS|TAMS 0x000000008ae00000, 0x000000008ae00000| Complete 
| 125|0x000000008af00000, 0x000000008b000000, 0x000000008b000000|100%| E|CS|TAMS 0x000000008af00000, 0x000000008af00000| Complete 

Card table byte_map: [0x000002d9267a0000,0x000002d926b90000] _byte_map_base: 0x000002d926387000

Marking Bits (Prev, Next): (CMBitMap*) 0x000002d90ea9b6f8, (CMBitMap*) 0x000002d90ea9b738
 Prev Bits: [0x000002d926f80000, 0x000002d928eb8000)
 Next Bits: [0x000002d928ec0000, 0x000002d92adf8000)

Polling page: 0x000002d90ca00000

Metaspace:

Usage:
  Non-class:      4.46 MB capacity,     2.65 MB ( 59%) used,     1.81 MB ( 41%) free+waste,     4.75 KB ( <1%) overhead. 
      Class:    461.00 KB capacity,   274.17 KB ( 59%) used,   184.27 KB ( 40%) free+waste,     2.56 KB ( <1%) overhead. 
       Both:      4.91 MB capacity,     2.91 MB ( 59%) used,     1.99 MB ( 41%) free+waste,     7.31 KB ( <1%) overhead. 

Virtual space:
  Non-class space:        8.00 MB reserved,       4.50 MB ( 56%) committed 
      Class space:        1.00 GB reserved,     512.00 KB ( <1%) committed 
             Both:        1.01 GB reserved,       5.00 MB ( <1%) committed 

Chunk freelists:
   Non-Class:  4.75 KB
       Class:  0 bytes
        Both:  4.75 KB

CodeHeap 'non-profiled nmethods': size=120000Kb used=146Kb max_used=146Kb free=119854Kb
 bounds [0x000002d91e930000, 0x000002d91eba0000, 0x000002d925e60000]
CodeHeap 'profiled nmethods': size=120000Kb used=804Kb max_used=804Kb free=119195Kb
 bounds [0x000002d917400000, 0x000002d917670000, 0x000002d91e930000]
CodeHeap 'non-nmethods': size=5760Kb used=1168Kb max_used=1181Kb free=4592Kb
 bounds [0x000002d916e60000, 0x000002d9170d0000, 0x000002d917400000]
 total_blobs=982 nmethods=497 adapters=286
 compilation: enabled
              stopped_count=0, restarted_count=0
 full_count=0

Compilation events (10 events):
Event: 772.027 Thread 0x000002d92da7f000 nmethod 494 0x000002d9174c5990 code [0x000002d9174c5b60, 0x000002d9174c5df0]
Event: 855.550 Thread 0x000002d92da7f000  495       3       org.eclipse.jdt.launching.internal.org.objectweb.asm.MethodWriter::visitVarInsn (302 bytes)
Event: 855.552 Thread 0x000002d92da7f000 nmethod 495 0x000002d9174c5f90 code [0x000002d9174c6200, 0x000002d9174c6cb0]
Event: 855.552 Thread 0x000002d92da7f000  497       3       org.eclipse.jdt.launching.internal.org.objectweb.asm.Label::accept (65 bytes)
Event: 855.557 Thread 0x000002d92da7f000 nmethod 497 0x000002d9174c6f90 code [0x000002d9174c71a0, 0x000002d9174c7790]
Event: 855.557 Thread 0x000002d92da7f000  496       3       org.eclipse.jdt.launching.internal.org.objectweb.asm.Label::addLineNumber (89 bytes)
Event: 855.558 Thread 0x000002d92da7f000 nmethod 496 0x000002d9174c7990 code [0x000002d9174c7b80, 0x000002d9174c8130]
Event: 1006.998 Thread 0x000002d92da7f000  498       3       org.eclipse.jdt.launching.internal.org.objectweb.asm.MethodWriter::visitMethodInsn (191 bytes)
Event: 1007.001 Thread 0x000002d92da7f000 nmethod 498 0x000002d9174c8310 code [0x000002d9174c8580, 0x000002d9174c8f10]
Event: 1007.001 Thread 0x000002d92da7f000  499       3       org.eclipse.jdt.launching.internal.org.objectweb.asm.SymbolTable::addConstantMethodref (24 bytes)

GC Heap History (0 events):
No events

Deoptimization events (5 events):
Event: 0.373 Thread 0x000002d90ea5b800 Uncommon trap: reason=class_check action=maybe_recompile pc=0x000002d91e93d1d8 method=java.util.HashMap.putVal(ILjava/lang/Object;Ljava/lang/Object;ZZ)Ljava/lang/Object; @ 152 c2
Event: 0.411 Thread 0x000002d90ea5b800 Uncommon trap: reason=unstable_if action=reinterpret pc=0x000002d91e93d2c8 method=java.util.HashMap.putVal(ILjava/lang/Object;Ljava/lang/Object;ZZ)Ljava/lang/Object; @ 181 c2
Event: 0.559 Thread 0x000002d90ea5b800 Uncommon trap: reason=unstable_if action=reinterpret pc=0x000002d91e93dca8 method=java.lang.String.isLatin1()Z @ 10 c2
Event: 0.673 Thread 0x000002d90ea5b800 Uncommon trap: reason=unstable_if action=reinterpret pc=0x000002d91e941b0c method=java.lang.String.isLatin1()Z @ 10 c2
Event: 9.764 Thread 0x000002d90ea5b800 Uncommon trap: reason=unstable_if action=reinterpret pc=0x000002d91e938258 method=java.lang.String.equals(Ljava/lang/Object;)Z @ 27 c2

Classes redefined (4 events):
Event: 245.916 Thread 0x000002d92da4f000 redefined class name=Mortgage_Calculator, count=1
Event: 360.039 Thread 0x000002d92da4f000 redefined class name=Mortgage_Calculator, count=2
Event: 772.022 Thread 0x000002d92da4f000 redefined class name=Mortgage_Calculator, count=3
Event: 855.556 Thread 0x000002d92da4f000 redefined class name=Mortgage_Calculator, count=4

Internal exceptions (1 events):
Event: 0.641 Thread 0x000002d90ea5b800 Exception <a 'java/lang/NoSuchMethodError'{0x000000008ab7bd08}: java.lang.invoke.DirectMethodHandle$Holder.invokeSpecialIFC(Ljava/lang/Object;Ljava/lang/Object;I)I> (0x000000008ab7bd08) thrown at [t:/workspace/open/src/hotspot/share/interpreter/linkResolv

Events (10 events):
Event: 968.304 Executing VM operation: GetOwnedMonitorInfo done
Event: 968.314 Executing VM operation: GetCurrentContendedMonitor
Event: 968.314 Executing VM operation: GetCurrentContendedMonitor done
Event: 968.315 Executing VM operation: GetOwnedMonitorInfo
Event: 968.315 Executing VM operation: GetOwnedMonitorInfo done
Event: 974.506 Executing VM operation: GetCurrentContendedMonitor
Event: 974.506 Executing VM operation: GetCurrentContendedMonitor done
Event: 974.506 Executing VM operation: GetOwnedMonitorInfo
Event: 974.506 Executing VM operation: GetOwnedMonitorInfo done
Event: 1007.001 Executing VM operation: RedefineClasses


Dynamic libraries:
0x00007ff604d10000 - 0x00007ff604d1f000 	C:\Program Files\Java\jdk-12.0.2\bin\javaw.exe
0x00007ffa3d2f0000 - 0x00007ffa3d4dd000 	C:\Windows\SYSTEM32\ntdll.dll
0x00007ffa3a510000 - 0x00007ffa3a5c3000 	C:\Windows\System32\KERNEL32.DLL
0x00007ffa39b50000 - 0x00007ffa39de3000 	C:\Windows\System32\KERNELBASE.dll
0x00007ffa3a3c0000 - 0x00007ffa3a4ba000 	C:\Windows\System32\ucrtbase.dll
0x00007ffa27ca0000 - 0x00007ffa27cb8000 	C:\Program Files\Java\jdk-12.0.2\bin\jli.dll
0x00007ffa2b410000 - 0x00007ffa2b426000 	C:\Program Files\Java\jdk-12.0.2\bin\VCRUNTIME140.dll
0x00007ffa3c430000 - 0x00007ffa3c4d3000 	C:\Windows\System32\ADVAPI32.dll
0x00007ffa3bd30000 - 0x00007ffa3bdce000 	C:\Windows\System32\msvcrt.dll
0x00007ffa3bdd0000 - 0x00007ffa3be6e000 	C:\Windows\System32\sechost.dll
0x00007ffa3ce90000 - 0x00007ffa3cfb2000 	C:\Windows\System32\RPCRT4.dll
0x00007ffa3bfe0000 - 0x00007ffa3c177000 	C:\Windows\System32\USER32.dll
0x00007ffa393b0000 - 0x00007ffa393d0000 	C:\Windows\System32\win32u.dll
0x00007ffa206d0000 - 0x00007ffa20949000 	C:\Windows\WinSxS\amd64_microsoft.windows.common-controls_6595b64144ccf1df_6.0.17763.864_none_05b3441807210760\COMCTL32.dll
0x00007ffa3c180000 - 0x00007ffa3c1a9000 	C:\Windows\System32\GDI32.dll
0x00007ffa3c4f0000 - 0x00007ffa3c81c000 	C:\Windows\System32\combase.dll
0x00007ffa39df0000 - 0x00007ffa39f89000 	C:\Windows\System32\gdi32full.dll
0x00007ffa3a100000 - 0x00007ffa3a17e000 	C:\Windows\System32\bcryptPrimitives.dll
0x00007ffa39f90000 - 0x00007ffa3a030000 	C:\Windows\System32\msvcp_win.dll
0x00007ffa32870000 - 0x00007ffa3287a000 	C:\Windows\SYSTEM32\VERSION.dll
0x00007ffa3cd00000 - 0x00007ffa3cd2e000 	C:\Windows\System32\IMM32.DLL
0x00007ffa1c460000 - 0x00007ffa1c50a000 	C:\Program Files\Java\jdk-12.0.2\bin\msvcp140.dll
0x00007ff9f8bf0000 - 0x00007ff9f9767000 	C:\Program Files\Java\jdk-12.0.2\bin\server\jvm.dll
0x00007ffa3c4e0000 - 0x00007ffa3c4e8000 	C:\Windows\System32\PSAPI.DLL
0x00007ffa27050000 - 0x00007ffa27059000 	C:\Windows\SYSTEM32\WSOCK32.dll
0x00007ffa34ea0000 - 0x00007ffa34ec4000 	C:\Windows\SYSTEM32\WINMM.dll
0x00007ffa3c260000 - 0x00007ffa3c2cd000 	C:\Windows\System32\WS2_32.dll
0x00007ffa34ab0000 - 0x00007ffa34add000 	C:\Windows\SYSTEM32\WINMMBASE.dll
0x00007ffa3a4c0000 - 0x00007ffa3a50a000 	C:\Windows\System32\cfgmgr32.dll
0x00007ffa39300000 - 0x00007ffa39311000 	C:\Windows\System32\kernel.appcore.dll
0x00007ffa34550000 - 0x00007ffa34561000 	C:\Program Files\Java\jdk-12.0.2\bin\verify.dll
0x00007ffa37b20000 - 0x00007ffa37d0d000 	C:\Windows\SYSTEM32\DBGHELP.DLL
0x00007ffa2ed80000 - 0x00007ffa2edaa000 	C:\Windows\SYSTEM32\dbgcore.DLL
0x00007ffa247e0000 - 0x00007ffa24806000 	C:\Program Files\Java\jdk-12.0.2\bin\java.dll
0x00007ffa27b00000 - 0x00007ffa27b38000 	C:\Program Files\Java\jdk-12.0.2\bin\jdwp.dll
0x00007ffa350a0000 - 0x00007ffa350ae000 	C:\Program Files\Java\jdk-12.0.2\bin\instrument.dll
0x00007ffa34320000 - 0x00007ffa34337000 	C:\Program Files\Java\jdk-12.0.2\bin\zip.dll
0x00007ffa350c0000 - 0x00007ffa350ca000 	C:\Program Files\Java\jdk-12.0.2\bin\jimage.dll
0x00007ffa3a760000 - 0x00007ffa3bc54000 	C:\Windows\System32\SHELL32.dll
0x00007ffa3a5d0000 - 0x00007ffa3a678000 	C:\Windows\System32\shcore.dll
0x00007ffa39400000 - 0x00007ffa39b4d000 	C:\Windows\System32\windows.storage.dll
0x00007ffa39320000 - 0x00007ffa39344000 	C:\Windows\System32\profapi.dll
0x00007ffa39350000 - 0x00007ffa393ad000 	C:\Windows\System32\powrprof.dll
0x00007ffa3cca0000 - 0x00007ffa3ccf2000 	C:\Windows\System32\shlwapi.dll
0x00007ffa3a0e0000 - 0x00007ffa3a0f7000 	C:\Windows\System32\cryptsp.dll
0x00007ffa35060000 - 0x00007ffa3506a000 	C:\Program Files\Java\jdk-12.0.2\bin\dt_socket.dll
0x00007ffa38b50000 - 0x00007ffa38bb7000 	C:\Windows\System32\mswsock.dll
0x00007ffa388b0000 - 0x00007ffa38976000 	C:\Windows\SYSTEM32\DNSAPI.dll
0x00007ffa3c350000 - 0x00007ffa3c358000 	C:\Windows\System32\NSI.dll
0x00007ffa38870000 - 0x00007ffa388ad000 	C:\Windows\SYSTEM32\IPHLPAPI.DLL
0x00007ffa2a210000 - 0x00007ffa2a289000 	C:\Windows\System32\fwpuclnt.dll
0x00007ffa393d0000 - 0x00007ffa393f6000 	C:\Windows\System32\bcrypt.dll
0x00007ffa2ab10000 - 0x00007ffa2ab1a000 	C:\Windows\System32\rasadhlp.dll
0x00007ffa341f0000 - 0x00007ffa34209000 	C:\Program Files\Java\jdk-12.0.2\bin\net.dll
0x00007ffa2a8f0000 - 0x00007ffa2aac7000 	C:\Windows\SYSTEM32\urlmon.dll
0x00007ffa36eb0000 - 0x00007ffa36fa2000 	C:\Windows\SYSTEM32\WINHTTP.dll
0x00007ffa29200000 - 0x00007ffa294a8000 	C:\Windows\SYSTEM32\iertutil.dll
0x00007ffa38d20000 - 0x00007ffa38d2c000 	C:\Windows\SYSTEM32\CRYPTBASE.DLL
0x00007ffa33ea0000 - 0x00007ffa33eb3000 	C:\Program Files\Java\jdk-12.0.2\bin\nio.dll

dbghelp: loaded successfully - version: 4.0.5 - missing functions: none
symbol engine: initialized successfully - sym options: 0x614 - pdb path: .;C:\Program Files\Java\jdk-12.0.2\bin;C:\Windows\SYSTEM32;C:\Windows\WinSxS\amd64_microsoft.windows.common-controls_6595b64144ccf1df_6.0.17763.864_none_05b3441807210760;C:\Program Files\Java\jdk-12.0.2\bin\server

VM Arguments:
jvm_args: -agentlib:jdwp=transport=dt_socket,suspend=y,address=localhost:54411 -javaagent:C:\Users\Peada\eclipse\java-2019-06\eclipse\configuration\org.eclipse.osgi\226\0\.cp\lib\javaagent-shaded.jar -Dfile.encoding=Cp1252 
java_command: Mortgage_Calculator
java_class_path (initial): C:\Users\Peada\Desktop\College work\Code\Tutorial Problem 1\Assignment 17.11.19\bin
Launcher Type: SUN_STANDARD

[Global flags]
     intx CICompilerCount                          = 4                                         {product} {ergonomic}
     uint ConcGCThreads                            = 3                                         {product} {ergonomic}
     uint G1ConcRefinementThreads                  = 10                                        {product} {ergonomic}
   size_t G1HeapRegionSize                         = 1048576                                   {product} {ergonomic}
    uintx GCDrainStackTargetSize                   = 64                                        {product} {ergonomic}
   size_t InitialHeapSize                          = 132120576                                 {product} {ergonomic}
   size_t MarkStackSize                            = 4194304                                   {product} {ergonomic}
   size_t MaxHeapSize                              = 2095054848                                {product} {ergonomic}
   size_t MaxNewSize                               = 1256194048                                {product} {ergonomic}
   size_t MinHeapDeltaBytes                        = 1048576                                   {product} {ergonomic}
    uintx NonNMethodCodeHeapSize                   = 5836300                                {pd product} {ergonomic}
    uintx NonProfiledCodeHeapSize                  = 122910970                              {pd product} {ergonomic}
    uintx ProfiledCodeHeapSize                     = 122910970                              {pd product} {ergonomic}
    uintx ReservedCodeCacheSize                    = 251658240                              {pd product} {ergonomic}
     bool SegmentedCodeCache                       = true                                      {product} {ergonomic}
     bool UseCompressedClassPointers               = true                                 {lp64_product} {ergonomic}
     bool UseCompressedOops                        = true                                 {lp64_product} {ergonomic}
     bool UseG1GC                                  = true                                      {product} {ergonomic}
     bool UseLargePagesIndividualAllocation        = false                                  {pd product} {ergonomic}

Logging:
Log output configuration:
 #0: stdout all=warning uptime,level,tags
 #1: stderr all=off uptime,level,tags

Environment Variables:
PATH=C:/Program Files/Java/jdk-12.0.2/bin/server;C:/Program Files/Java/jdk-12.0.2/bin;C:\Program Files (x86)\Intel\Intel(R) Management Engine Components\iCLS\;C:\Program Files\Intel\Intel(R) Management Engine Components\iCLS\;C:\Windows\system32;C:\Windows;C:\Windows\System32\Wbem;C:\Windows\System32\WindowsPowerShell\v1.0\;C:\Windows\System32\OpenSSH\;C:\Program Files (x86)\Intel\Intel(R) Management Engine Components\DAL;C:\Program Files\Intel\Intel(R) Management Engine Components\DAL;C:\Program Files (x86)\Intel\Intel(R) Management Engine Components\IPT;C:\Program Files\Intel\Intel(R) Management Engine Components\IPT;C:\Program Files (x86)\NVIDIA Corporation\PhysX\Common;C:\Users\Peada\AppData\Local\Microsoft\WindowsApps;C:\Windows\system32;C:\Windows;C:\Windows\system32\Wbem;C:\Windows\system32\WindowsPowerShell\v1.0\;C:\Program Files (x86)\Intel\OpenCL SDK\2.0\bin\x86;C:\Program Files (x86)\Intel\OpenCL SDK\2.0\bin\x64;C:\Program Files (x86)\Intel\Services\IPT\;C:\Program Files\MATLAB\R2017b\runtime\win64;C:\Program Files\MATLAB\R2017b\bin;C:\Windows\System32;
USERNAME=Peada
OS=Windows_NT
PROCESSOR_IDENTIFIER=Intel64 Family 6 Model 158 Stepping 10, GenuineIntel



---------------  S Y S T E M  ---------------

OS: Windows 10 , 64 bit Build 17763 (10.0.17763.475)

CPU:total 12 (initial active 12) (6 cores per cpu, 2 threads per core) family 6 model 158 stepping 10, cmov, cx8, fxsr, mmx, sse, sse2, sse3, ssse3, sse4.1, sse4.2, popcnt, avx, avx2, aes, clmul, erms, 3dnowpref, lzcnt, ht, tsc, tscinvbit, bmi1, bmi2, adx, fma

Memory: 4k page, system-wide physical 7986M (2982M free)
TotalPageFile size 11954M (AvailPageFile size 2738M)
current process WorkingSet (physical memory assigned to process): 43M, peak: 44M
current process commit charge ("private bytes"): 224M, peak: 226M

vm_info: Java HotSpot(TM) 64-Bit Server VM (12.0.2+10) for windows-amd64 JRE (12.0.2+10), built on Jul 16 2019 01:56:17 by "mach5one" with MS VC++ 15.5 (VS2017)

END.
